<?xml version="1.0" encoding="UTF-8"?>
<!-- Generated by org.testng.reporters.JUnitReportReporter -->
<testsuite hostname="Dika" name="testcase.MainClass" tests="3" failures="0" timestamp="15 May 2019 10:04:56 GMT" time="44.024" errors="0">
  <testcase name="titlePageTestDemoAUT" time="9.759" classname="testcase.MainClass"/>
  <testcase name="testLoginInDemoAUT" time="14.522" classname="testcase.MainClass"/>
  <testcase name="testRegisterationInDemoAUT" time="19.743" classname="testcase.MainClass"/>
</testsuite> <!-- testcase.MainClass -->
